[    0.000000] Initializing cgroup subsys cpuset
[    0.000000] Initializing cgroup subsys cpu
[    0.000000] Initializing cgroup subsys cpuacct
[    0.000000] Linux version 4.4.0-45-generic (buildd@lgw01-34) (gcc version 5.4.0 20160609 (Ubuntu 5.4.0-6ubuntu1~16.04.2) ) #66-Ubuntu SMP Wed Oct 19 14:12:37 UTC 2016 (Ubuntu 4.4.0-45.66-generic 4.4.21)
[    0.000000] Command line: BOOT_IMAGE=/boot/vmlinuz-4.4.0-45-generic root=LABEL=cloudimg-rootfs ro console=tty1 console=ttyS0
[    0.000000] KERNEL supported cpus:
[    0.000000]   Intel GenuineIntel
[    0.000000]   AMD AuthenticAMD
[    0.000000]   Centaur CentaurHauls
[    0.000000] ------------[ cut here ]------------
[    0.000000] WARNING: CPU: 0 PID: 0 at /build/linux-kOWph6/linux-4.4.0/arch/x86/kernel/fpu/xstate.c:517 fpu__init_system_xstate+0x38b/0x75a()
[    0.000000] XSAVE consistency problem, dumping leaves
[    0.000000] Modules linked in:
[    0.000000] CPU: 0 PID: 0 Comm: swapper Not tainted 4.4.0-45-generic #66-Ubuntu
[    0.000000]  0000000000000086 94904977a59797f6 ffffffff81e03d80 ffffffff813f1fe3
[    0.000000]  ffffffff81e03dc8 ffffffff81ca2d90 ffffffff81e03db8 ffffffff81081212
[    0.000000]  ffffffff81e03e48 ffffffff81e03e4c 0000000000000008 0000000000000100
[    0.000000] Call Trace:
[    0.000000]  [<ffffffff813f1fe3>] dump_stack+0x63/0x90
[    0.000000]  [<ffffffff81081212>] warn_slowpath_common+0x82/0xc0
[    0.000000]  [<ffffffff810812ac>] warn_slowpath_fmt+0x5c/0x80
[    0.000000]  [<ffffffff8107cf50>] ? xfeature_size+0x59/0x77
[    0.000000]  [<ffffffff81f6aeec>] fpu__init_system_xstate+0x38b/0x75a
[    0.000000]  [<ffffffff81f5a120>] ? early_idt_handler_array+0x120/0x120
[    0.000000]  [<ffffffff81f6a857>] fpu__init_system+0x10d/0x245
[    0.000000]  [<ffffffff81f6b960>] early_cpu_init+0x139/0x13e
[    0.000000]  [<ffffffff81f6b960>] ? early_cpu_init+0x139/0x13e
[    0.000000]  [<ffffffff81f66e2f>] setup_arch+0xb4/0xd1e
[    0.000000]  [<ffffffff81f5a120>] ? early_idt_handler_array+0x120/0x120
[    0.000000]  [<ffffffff81f5ac74>] start_kernel+0xe4/0x4a2
[    0.000000]  [<ffffffff81f5a120>] ? early_idt_handler_array+0x120/0x120
[    0.000000]  [<ffffffff81f5a339>] x86_64_start_reservations+0x2a/0x2c
[    0.000000]  [<ffffffff81f5a485>] x86_64_start_kernel+0x14a/0x16d
[    0.000000] ---[ end trace 4d5ff9f2f68c4233 ]---
[    0.000000] CPUID[0d, 00]: eax=00000007 ebx=00000440 ecx=00000440 edx=00000000
[    0.000000] CPUID[0d, 01]: eax=00000000 ebx=000003c0 ecx=00000000 edx=00000000
[    0.000000] CPUID[0d, 02]: eax=00000100 ebx=00000240 ecx=00000000 edx=00000000
[    0.000000] CPUID[0d, 03]: eax=00000000 ebx=00000000 ecx=00000000 edx=00000000
[    0.000000] CPUID[0d, 04]: eax=00000000 ebx=00000000 ecx=00000000 edx=00000000
[    0.000000] CPUID[0d, 05]: eax=00000000 ebx=00000000 ecx=00000000 edx=00000000
[    0.000000] CPUID[0d, 06]: eax=00000000 ebx=00000000 ecx=00000000 edx=00000000
[    0.000000] CPUID[0d, 07]: eax=00000000 ebx=00000000 ecx=00000000 edx=00000000
[    0.000000] CPUID[0d, 08]: eax=00000000 ebx=00000000 ecx=00000000 edx=00000000
[    0.000000] CPUID[0d, 09]: eax=00000000 ebx=00000000 ecx=00000000 edx=00000000
[    0.000000] CPUID[0d, 0a]: eax=00000000 ebx=00000000 ecx=00000000 edx=00000000
[    0.000000] CPUID[0d, 0b]: eax=00000000 ebx=00000000 ecx=00000000 edx=00000000
[    0.000000] CPUID[0d, 0c]: eax=00000000 ebx=00000000 ecx=00000000 edx=00000000
[    0.000000] CPUID[0d, 0d]: eax=00000000 ebx=00000000 ecx=00000000 edx=00000000
[    0.000000] CPUID[0d, 0e]: eax=00000000 ebx=00000000 ecx=00000000 edx=00000000
[    0.000000] CPUID[0d, 0f]: eax=00000000 ebx=00000000 ecx=00000000 edx=00000000
[    0.000000] CPUID[0d, 10]: eax=00000000 ebx=00000000 ecx=00000000 edx=00000000
[    0.000000] CPUID[0d, 11]: eax=00000000 ebx=00000000 ecx=00000000 edx=00000000
[    0.000000] x86/fpu: xstate_offset[2]:  576, xstate_sizes[2]:  256
[    0.000000] x86/fpu: Supporting XSAVE feature 0x01: 'x87 floating point registers'
[    0.000000] x86/fpu: Supporting XSAVE feature 0x02: 'SSE registers'
[    0.000000] x86/fpu: Supporting XSAVE feature 0x04: 'AVX registers'
[    0.000000] x86/fpu: Enabled xstate features 0x7, context size is 1088 bytes, using 'standard' format.
[    0.000000] x86/fpu: Using 'lazy' FPU context switches.
[    0.000000] e820: BIOS-provided physical RAM map:
[    0.000000] BIOS-e820: [mem 0x0000000000000000-0x000000000009fbff] usable
[    0.000000] BIOS-e820: [mem 0x000000000009fc00-0x000000000009ffff] reserved
[    0.000000] BIOS-e820: [mem 0x00000000000f0000-0x00000000000fffff] reserved
[    0.000000] BIOS-e820: [mem 0x0000000000100000-0x000000003ffeffff] usable
[    0.000000] BIOS-e820: [mem 0x000000003fff0000-0x000000003fffffff] ACPI data
[    0.000000] BIOS-e820: [mem 0x00000000fec00000-0x00000000fec00fff] reserved
[    0.000000] BIOS-e820: [mem 0x00000000fee00000-0x00000000fee00fff] reserved
[    0.000000] BIOS-e820: [mem 0x00000000fffc0000-0x00000000ffffffff] reserved
[    0.000000] NX (Execute Disable) protection: active
[    0.000000] SMBIOS 2.5 present.
[    0.000000] Hypervisor detected: KVM
[    0.000000] e820: last_pfn = 0x3fff0 max_arch_pfn = 0x400000000
[    0.000000] MTRR: Disabled
[    0.000000] x86/PAT: MTRRs disabled, skipping PAT initialization too.
[    0.000000] x86/PAT: Configuration [0-7]: WB  WT  UC- UC  WB  WT  UC- UC  
[    0.000000] CPU MTRRs all blank - virtualized system.
[    0.000000] found SMP MP-table at [mem 0x0009fff0-0x0009ffff] mapped at [ffff88000009fff0]
[    0.000000] Scanning 1 areas for low memory corruption
[    0.000000] RAMDISK: [mem 0x36fe4000-0x377e9fff]
[    0.000000] ACPI: Early table checksum verification disabled
[    0.000000] ACPI: RSDP 0x00000000000E0000 000024 (v02 VBOX  )
[    0.000000] ACPI: XSDT 0x000000003FFF0030 00003C (v01 VBOX   VBOXXSDT 00000001 ASL  00000061)
[    0.000000] ACPI: FACP 0x000000003FFF00F0 0000F4 (v04 VBOX   VBOXFACP 00000001 ASL  00000061)
[    0.000000] ACPI: DSDT 0x000000003FFF0470 00210F (v01 VBOX   VBOXBIOS 00000002 INTL 20161117)
[    0.000000] ACPI: FACS 0x000000003FFF0200 000040
[    0.000000] ACPI: FACS 0x000000003FFF0200 000040
[    0.000000] ACPI: APIC 0x000000003FFF0240 00005C (v02 VBOX   VBOXAPIC 00000001 ASL  00000061)
[    0.000000] ACPI: SSDT 0x000000003FFF02A0 0001CC (v01 VBOX   VBOXCPUT 00000002 INTL 20161117)
[    0.000000] No NUMA configuration found
[    0.000000] Faking a node at [mem 0x0000000000000000-0x000000003ffeffff]
[    0.000000] NODE_DATA(0) allocated [mem 0x3ffeb000-0x3ffeffff]
[    0.000000] kvm-clock: Using msrs 4b564d01 and 4b564d00
[    0.000000] kvm-clock: cpu 0, msr 0:3ffe7001, primary cpu clock
[    0.000000] kvm-clock: using sched offset of 2960192073 cycles
[    0.000000] clocksource: kvm-clock: mask: 0xffffffffffffffff max_cycles: 0x1cd42e4dffb, max_idle_ns: 881590591483 ns
[    0.000000] Zone ranges:
[    0.000000]   DMA      [mem 0x0000000000001000-0x0000000000ffffff]
[    0.000000]   DMA32    [mem 0x0000000001000000-0x000000003ffeffff]
[    0.000000]   Normal   empty
[    0.000000]   Device   empty
[    0.000000] Movable zone start for each node
[    0.000000] Early memory node ranges
[    0.000000]   node   0: [mem 0x0000000000001000-0x000000000009efff]
[    0.000000]   node   0: [mem 0x0000000000100000-0x000000003ffeffff]
[    0.000000] Initmem setup node 0 [mem 0x0000000000001000-0x000000003ffeffff]
[    0.000000] ACPI: PM-Timer IO Port: 0x4008
[    0.000000] IOAPIC[0]: apic_id 2, version 32, address 0xfec00000, GSI 0-23
[    0.000000] ACPI: INT_SRC_OVR (bus 0 bus_irq 0 global_irq 2 dfl dfl)
[    0.000000] ACPI: INT_SRC_OVR (bus 0 bus_irq 9 global_irq 9 high level)
[    0.000000] Using ACPI (MADT) for SMP configuration information
[    0.000000] smpboot: Allowing 2 CPUs, 0 hotplug CPUs
[    0.000000] PM: Registered nosave memory: [mem 0x00000000-0x00000fff]
[    0.000000] PM: Registered nosave memory: [mem 0x0009f000-0x0009ffff]
[    0.000000] PM: Registered nosave memory: [mem 0x000a0000-0x000effff]
[    0.000000] PM: Registered nosave memory: [mem 0x000f0000-0x000fffff]
[    0.000000] e820: [mem 0x40000000-0xfebfffff] available for PCI devices
[    0.000000] Booting paravirtualized kernel on KVM
[    0.000000] clocksource: refined-jiffies: mask: 0xffffffff max_cycles: 0xffffffff, max_idle_ns: 7645519600211568 ns
[    0.000000] setup_percpu: NR_CPUS:256 nr_cpumask_bits:256 nr_cpu_ids:2 nr_node_ids:1
[    0.000000] PERCPU: Embedded 33 pages/cpu @ffff88003fc00000 s98008 r8192 d28968 u1048576
[    0.000000] PV qspinlock hash table entries: 256 (order: 0, 4096 bytes)
[    0.000000] Built 1 zonelists in Node order, mobility grouping on.  Total pages: 257913
[    0.000000] Policy zone: DMA32
[    0.000000] Kernel command line: BOOT_IMAGE=/boot/vmlinuz-4.4.0-45-generic root=LABEL=cloudimg-rootfs ro console=tty1 console=ttyS0
[    0.000000] PID hash table entries: 4096 (order: 3, 32768 bytes)
[    0.000000] Memory: 1004420K/1048120K available (8409K kernel code, 1283K rwdata, 3944K rodata, 1480K init, 1292K bss, 43700K reserved, 0K cma-reserved)
[    0.000000] SLUB: HWalign=64, Order=0-3, MinObjects=0, CPUs=2, Nodes=1
[    0.000000] Hierarchical RCU implementation.
[    0.000000] 	Build-time adjustment of leaf fanout to 64.
[    0.000000] 	RCU restricting CPUs from NR_CPUS=256 to nr_cpu_ids=2.
[    0.000000] RCU: Adjusting geometry for rcu_fanout_leaf=64, nr_cpu_ids=2
[    0.000000] NR_IRQS:16640 nr_irqs:440 16
[    0.000000] Console: colour VGA+ 80x25
[    0.000000] console [tty1] enabled
[    0.000000] console [ttyS0] enabled
[    0.000000] tsc: Detected 2592.000 MHz processor
[    2.515613] Calibrating delay loop (skipped) preset value.. 5184.00 BogoMIPS (lpj=10368000)
[    2.516800] pid_max: default: 32768 minimum: 301
[    2.517568] ACPI: Core revision 20150930
[    2.519204] ACPI: 2 ACPI AML tables successfully acquired and loaded
[    2.520112] Security Framework initialized
[    2.606453] Yama: becoming mindful.
[    2.710757] AppArmor: AppArmor initialized
[    2.836924] Dentry cache hash table entries: 131072 (order: 8, 1048576 bytes)
[    2.902717] Inode-cache hash table entries: 65536 (order: 7, 524288 bytes)
[    2.904075] Mount-cache hash table entries: 2048 (order: 2, 16384 bytes)
[    2.904900] Mountpoint-cache hash table entries: 2048 (order: 2, 16384 bytes)
[    2.905886] Initializing cgroup subsys io
[    2.906467] Initializing cgroup subsys memory
[    2.907255] Initializing cgroup subsys devices
[    2.907872] Initializing cgroup subsys freezer
[    2.908486] Initializing cgroup subsys net_cls
[    2.909139] Initializing cgroup subsys perf_event
[    2.909775] Initializing cgroup subsys net_prio
[    2.910397] Initializing cgroup subsys hugetlb
[    2.911072] Initializing cgroup subsys pids
[    2.911727] CPU: Physical Processor ID: 0
[    2.912381] CPU: Processor Core ID: 0
[    2.913884] mce: CPU supports 0 MCE banks
[    2.914473] Last level iTLB entries: 4KB 64, 2MB 8, 4MB 8
[    2.966735] Last level dTLB entries: 4KB 64, 2MB 0, 4MB 0, 1GB 4
[    3.149351] Freeing SMP alternatives memory: 32K (ffffffff820b4000 - ffffffff820bc000)
[    3.319147] ftrace: allocating 32007 entries in 126 pages
[    3.359906] smpboot: Max logical packages: 1
[    3.487457] smpboot: APIC(0) Converting physical 0 to logical package 0
[    3.567614] x2apic enabled
[    3.568305] Switched APIC routing to physical x2apic.
[    3.570021] ..TIMER: vector=0x30 apic1=0 pin1=2 apic2=-1 pin2=-1
[    3.679054] smpboot: CPU0: Intel(R) Core(TM) i7-6700HQ CPU @ 2.60GHz (family: 0x6, model: 0x5e, stepping: 0x3)
[    3.829987] Performance Events: unsupported p6 CPU model 94 no PMU driver, software events only.
[    3.949186] KVM setup paravirtual spinlock
[    3.999920] x86: Booting SMP configuration:
[    4.025663] .... node  #0, CPUs:      #1
[    4.031865] kvm-clock: cpu 1, msr 0:3ffe7041, secondary cpu clock
[    4.128160] mce: CPU supports 0 MCE banks
[    4.130531] x86: Booted up 1 node, 2 CPUs
[    4.131450] smpboot: Total of 2 processors activated (10368.00 BogoMIPS)
[    4.199450] devtmpfs: initialized
[    4.213723] evm: security.selinux
[    4.286909] evm: security.SMACK64
[    4.320382] evm: security.SMACK64EXEC
[    4.350280] evm: security.SMACK64TRANSMUTE
[    4.394786] evm: security.SMACK64MMAP
[    4.420370] evm: security.ima
[    4.428324] evm: security.capability
[    4.440256] clocksource: jiffies: mask: 0xffffffff max_cycles: 0xffffffff, max_idle_ns: 7645041785100000 ns
[    4.510346] pinctrl core: initialized pinctrl subsystem
[    4.521115] RTC time: 13:59:05, date: 12/30/16
[    4.521992] NET: Registered protocol family 16
[    4.534311] cpuidle: using governor ladder
[    4.558346] cpuidle: using governor menu
[    4.558987] PCCT header not found.
[    4.559568] ACPI: bus type PCI registered
[    4.560222] acpiphp: ACPI Hot Plug PCI Controller Driver version: 0.5
[    4.561110] PCI: Using configuration type 1 for base access
[    4.575193] ACPI: Added _OSI(Module Device)
[    4.575813] ACPI: Added _OSI(Processor Device)
[    4.599102] ACPI: Added _OSI(3.0 _SCP Extensions)
[    4.599958] ACPI: Added _OSI(Processor Aggregator Device)
[    4.601657] ACPI: Executed 1 blocks of module-level executable AML code
[    4.607148] ACPI: Interpreter enabled
[    4.609179] ACPI Exception: AE_NOT_FOUND, While evaluating Sleep State [\_S1_] (20150930/hwxface-580)
[    4.615918] ACPI Exception: AE_NOT_FOUND, While evaluating Sleep State [\_S2_] (20150930/hwxface-580)
[    4.617514] ACPI Exception: AE_NOT_FOUND, While evaluating Sleep State [\_S3_] (20150930/hwxface-580)
[    4.619126] ACPI Exception: AE_NOT_FOUND, While evaluating Sleep State [\_S4_] (20150930/hwxface-580)
[    4.638969] ACPI: (supports S0 S5)
[    4.639543] ACPI: Using IOAPIC for interrupt routing
[    4.640421] PCI: Using host bridge windows from ACPI; if necessary, use "pci=nocrs" and report a bug
[    4.644863] ACPI: PCI Root Bridge [PCI0] (domain 0000 [bus 00-ff])
[    4.679625] acpi PNP0A03:00: _OSC: OS supports [ASPM ClockPM Segments MSI]
[    4.686231] acpi PNP0A03:00: _OSC failed (AE_NOT_FOUND); disabling ASPM
[    4.687180] acpi PNP0A03:00: fail to add MMCONFIG information, can't access extended PCI configuration space under this bridge.
[    4.688931] PCI host bridge to bus 0000:00
[    4.691977] pci_bus 0000:00: root bus resource [io  0x0000-0x0cf7 window]
[    4.692839] pci_bus 0000:00: root bus resource [io  0x0d00-0xffff window]
[    4.711876] pci_bus 0000:00: root bus resource [mem 0x000a0000-0x000bffff window]
[    4.736349] pci_bus 0000:00: root bus resource [mem 0x40000000-0xffdfffff window]
[    4.737796] pci_bus 0000:00: root bus resource [bus 00-ff]
[    4.759171] pci 0000:00:01.1: legacy IDE quirk: reg 0x10: [io  0x01f0-0x01f7]
[    4.769562] pci 0000:00:01.1: legacy IDE quirk: reg 0x14: [io  0x03f6]
[    4.770521] pci 0000:00:01.1: legacy IDE quirk: reg 0x18: [io  0x0170-0x0177]
[    4.771510] pci 0000:00:01.1: legacy IDE quirk: reg 0x1c: [io  0x0376]
[    4.788964] pci 0000:00:07.0: quirk: [io  0x4000-0x403f] claimed by PIIX4 ACPI
[    4.909498] pci 0000:00:07.0: quirk: [io  0x4100-0x410f] claimed by PIIX4 SMB
[    4.915037] ACPI: PCI Interrupt Link [LNKA] (IRQs 5 9 10 *11)
[    5.019838] ACPI: PCI Interrupt Link [LNKB] (IRQs 5 9 10 *11)
[    5.070263] ACPI: PCI Interrupt Link [LNKC] (IRQs 5 9 *10 11)
[    5.071652] ACPI: PCI Interrupt Link [LNKD] (IRQs 5 *9 10 11)
[    5.075233] ACPI: Enabled 2 GPEs in block 00 to 07
[    5.226397] vgaarb: setting as boot device: PCI:0000:00:02.0
[    5.456597] vgaarb: device added: PCI:0000:00:02.0,decodes=io+mem,owns=io+mem,locks=none
[    5.479370] vgaarb: loaded
[    5.479841] vgaarb: bridge control possible 0000:00:02.0
[    5.503546] SCSI subsystem initialized
[    5.522956] ACPI: bus type USB registered
[    5.529961] usbcore: registered new interface driver usbfs
[    5.548736] usbcore: registered new interface driver hub
[    5.661983] usbcore: registered new device driver usb
[    5.663248] PCI: Using ACPI for IRQ routing
[    5.664215] NetLabel: Initializing
[    5.674306] NetLabel:  domain hash size = 128
[    5.675029] NetLabel:  protocols = UNLABELED CIPSOv4
[    5.675870] NetLabel:  unlabeled traffic allowed by default
[    5.679227] amd_nb: Cannot enumerate AMD northbridges
[    5.680071] clocksource: Switched to clocksource kvm-clock
[    5.689241] AppArmor: AppArmor Filesystem Enabled
[    5.696872] pnp: PnP ACPI init
[    5.698510] pnp: PnP ACPI: found 3 devices
[    5.711396] clocksource: acpi_pm: mask: 0xffffff max_cycles: 0xffffff, max_idle_ns: 2085701024 ns
[    5.712898] NET: Registered protocol family 2
[    5.713717] TCP established hash table entries: 8192 (order: 4, 65536 bytes)
[    5.715284] TCP bind hash table entries: 8192 (order: 5, 131072 bytes)
[    5.726424] TCP: Hash tables configured (established 8192 bind 8192)
[    5.727489] UDP hash table entries: 512 (order: 2, 16384 bytes)
[    5.728373] UDP-Lite hash table entries: 512 (order: 2, 16384 bytes)
[    5.729364] NET: Registered protocol family 1
[    5.730091] pci 0000:00:00.0: Limiting direct PCI/PCI transfers
[    5.731185] pci 0000:00:01.0: Activating ISA DMA hang workarounds
[    5.741427] Trying to unpack rootfs image as initramfs...
[    6.968830] Freeing initrd memory: 8216K (ffff880036fe4000 - ffff8800377ea000)
[    7.253128] platform rtc_cmos: registered platform RTC device (no PNP device found)
[    7.579866] Scanning for low memory corruption every 60 seconds
[    7.581287] futex hash table entries: 512 (order: 3, 32768 bytes)
[    7.592819] audit: initializing netlink subsys (disabled)
[    7.593546] audit: type=2000 audit(1483106348.488:1): initialized
[    7.594788] Initialise system trusted keyring
[    7.595513] HugeTLB registered 2 MB page size, pre-allocated 0 pages
[    7.599950] zbud: loaded
[    7.609539] VFS: Disk quotas dquot_6.6.0
[    7.610143] VFS: Dquot-cache hash table entries: 512 (order 0, 4096 bytes)
[    7.611331] squashfs: version 4.0 (2009/01/31) Phillip Lougher
[    7.612443] fuse init (API version 7.23)
[    7.613147] Key type big_key registered
[    7.613742] Allocating IMA MOK and blacklist keyrings.
[    7.632940] Key type asymmetric registered
[    7.639145] Asymmetric key parser 'x509' registered
[    7.642937] Block layer SCSI generic (bsg) driver version 0.4 loaded (major 249)
[    7.644200] io scheduler noop registered
[    7.644864] io scheduler deadline registered (default)
[    7.645570] io scheduler cfq registered
[    7.646212] pci_hotplug: PCI Hot Plug PCI Core version: 0.5
[    7.646978] pciehp: PCI Express Hot Plug Controller Driver version: 0.4
[    7.799498] ACPI: AC Adapter [AC] (on-line)
[    7.801637] input: Power Button as /devices/LNXSYSTM:00/LNXPWRBN:00/input/input0
[    7.803177] ACPI: Power Button [PWRF]
[    7.805315] input: Sleep Button as /devices/LNXSYSTM:00/LNXSLPBN:00/input/input1
[    7.806699] ACPI: Sleep Button [SLPF]
[    7.807747] GHES: HEST is not enabled!
[    7.808252] ACPI: Battery Slot [BAT0] (battery present)
[    7.809381] Serial: 8250/16550 driver, 32 ports, IRQ sharing enabled
[    7.831865] 00:02: ttyS0 at I/O 0x3f8 (irq = 4, base_baud = 115200) is a 16550A
[    7.840777] Linux agpgart interface v0.103
[    7.845394] brd: module loaded
[    7.850806] loop: module loaded
[    7.858704] scsi host0: ata_piix
[    7.859402] scsi host1: ata_piix
[    7.860011] ata1: PATA max UDMA/33 cmd 0x1f0 ctl 0x3f6 bmdma 0xd000 irq 14
[    7.861155] ata2: PATA max UDMA/33 cmd 0x170 ctl 0x376 bmdma 0xd008 irq 15
[    7.862195] libphy: Fixed MDIO Bus: probed
[    7.862968] tun: Universal TUN/TAP device driver, 1.6
[    7.863891] tun: (C) 1999-2004 Max Krasnyansky <maxk@qualcomm.com>
[    7.865085] PPP generic driver version 2.4.2
[    7.879070] ehci_hcd: USB 2.0 'Enhanced' Host Controller (EHCI) Driver
[    7.880747] ehci-pci: EHCI PCI platform driver
[    7.881703] ehci-platform: EHCI generic platform driver
[    7.889415] ohci_hcd: USB 1.1 'Open' Host Controller (OHCI) Driver
[    7.890434] ohci-pci: OHCI PCI platform driver
[    7.892243] ohci-platform: OHCI generic platform driver
[    7.893043] uhci_hcd: USB Universal Host Controller Interface driver
[    7.894219] i8042: PNP: PS/2 Controller [PNP0303:PS2K,PNP0f03:PS2M] at 0x60,0x64 irq 1,12
[    7.903801] serio: i8042 KBD port at 0x60,0x64 irq 1
[    7.922455] serio: i8042 AUX port at 0x60,0x64 irq 12
[    7.923570] mousedev: PS/2 mouse device common for all mice
[    7.929867] rtc_cmos rtc_cmos: rtc core: registered rtc_cmos as rtc0
[    7.931139] rtc_cmos rtc_cmos: alarms up to one day, 114 bytes nvram
[    7.939094] i2c /dev entries driver
[    7.939924] input: AT Translated Set 2 keyboard as /devices/platform/i8042/serio0/input/input2
[    7.941534] device-mapper: uevent: version 1.0.3
[    7.944881] device-mapper: ioctl: 4.34.0-ioctl (2015-10-28) initialised: dm-devel@redhat.com
[    7.946147] ledtrig-cpu: registered to indicate activity on CPUs
[    7.947359] NET: Registered protocol family 10
[    7.962508] NET: Registered protocol family 17
[    8.055571] Key type dns_resolver registered
[    8.137182] microcode: CPU0 sig=0x506e3, pf=0x2, revision=0x0
[    8.138041] microcode: CPU1 sig=0x506e3, pf=0x2, revision=0x0
[    8.138902] microcode: Microcode Update Driver: v2.01 <tigran@aivazian.fsnet.co.uk>, Peter Oruba
[    8.140675] registered taskstats version 1
[    8.141328] Loading compiled-in X.509 certificates
[    8.144328] Loaded X.509 cert 'Build time autogenerated kernel key: 5295ae568fdd4deae5e4e5c175542790e6aaeab9'
[    8.145627] zswap: loaded using pool lzo/zbud
[    8.147766] Key type trusted registered
[    8.151619] Key type encrypted registered
[    8.152262] AppArmor: AppArmor sha1 policy hashing enabled
[    8.153044] ima: No TPM chip found, activating TPM-bypass!
[    8.153836] evm: HMAC attrs: 0x1
[    8.154564]   Magic number: 12:114:990
[    8.155261] rtc_cmos rtc_cmos: setting system clock to 2016-12-30 13:59:09 UTC (1483106349)
[    8.185831] BIOS EDD facility v0.16 2004-Jun-25, 0 devices found
[    8.247202] EDD information not available.
[    8.249022] Freeing unused kernel memory: 1480K (ffffffff81f42000 - ffffffff820b4000)
[    8.250173] Write protecting the kernel read-only data: 14336k
[    8.252192] tsc: Refined TSC clocksource calibration: 2592.564 MHz
[    8.252194] clocksource: tsc: mask: 0xffffffffffffffff max_cycles: 0x255ecb97143, max_idle_ns: 440795220053 ns
[    8.478260] Freeing unused kernel memory: 1820K (ffff880001839000 - ffff880001a00000)
[    8.480227] Freeing unused kernel memory: 152K (ffff880001dda000 - ffff880001e00000)
Loading, please wait...
starting version[    8.503290] random: systemd-udevd: uninitialized urandom read (16 bytes read, 3 bits of entropy available)
 229
[    8.510232] random: systemd-udevd: uninitialized urandom read (16 bytes read, 3 bits of entropy available)
[    8.511161] random: udevadm: uninitialized urandom read (16 bytes read, 3 bits of entropy available)
[    8.511196] random: udevadm: uninitialized urandom read (16 bytes read, 3 bits of entropy available)
[    8.511292] random: udevadm: uninitialized urandom read (16 bytes read, 3 bits of entropy available)
[    8.511327] random: udevadm: uninitialized urandom read (16 bytes read, 3 bits of entropy available)
[    8.511362] random: udevadm: uninitialized urandom read (16 bytes read, 3 bits of entropy available)
[    8.511405] random: udevadm: uninitialized urandom read (16 bytes read, 3 bits of entropy available)
[    8.511435] random: udevadm: uninitialized urandom read (16 bytes read, 3 bits of entropy available)
[    8.511469] random: udevadm: uninitialized urandom read (16 bytes read, 3 bits of entropy available)
[    8.896032] Fusion MPT base driver 3.04.20
[    9.031386] Copyright (c) 1999-2008 LSI Corporation
[    9.032209] e1000: Intel(R) PRO/1000 Network Driver - version 7.3.21-k8-NAPI
[    9.033157] e1000: Copyright (c) 1999-2006 Intel Corporation.
[    9.042102] Fusion MPT SPI Host driver 3.04.20
[    9.062908] AVX version of gcm_enc/dec engaged.
[    9.063637] AES CTR mode by8 optimization enabled
[    9.242442] input: ImExPS/2 Generic Explorer Mouse as /devices/platform/i8042/serio1/input/input4
[    9.408438] e1000 0000:00:03.0 eth0: (PCI:33MHz:32-bit) 02:51:a9:c3:dc:37
[    9.420629] e1000 0000:00:03.0 eth0: Intel(R) PRO/1000 Network Connection
[    9.422739] e1000 0000:00:03.0 enp0s3: renamed from eth0
[    9.423888] mptbase: ioc0: Initiating bringup
[    9.495199] ioc0: LSI53C1030 A0: Capabilities={Initiator}
[    9.666925] scsi host2: ioc0: LSI53C1030 A0, FwRev=00000000h, Ports=1, MaxQ=256, IRQ=20
[    9.813470] scsi 2:0:0:0: Direct-Access     VBOX     HARDDISK         1.0  PQ: 0 ANSI: 5
[    9.823025] scsi target2:0:0: Beginning Domain Validation
[    9.828168] scsi target2:0:0: Domain Validation skipping write tests
[    9.842560] scsi target2:0:0: Ending Domain Validation
[    9.843796] scsi target2:0:0: asynchronous
[    9.845190] scsi 2:0:1:0: Direct-Access     VBOX     HARDDISK         1.0  PQ: 0 ANSI: 5
[    9.869160] scsi target2:0:1: Beginning Domain Validation
[    9.949979] scsi target2:0:1: Domain Validation skipping write tests
[    9.950840] scsi target2:0:1: Ending Domain Validation
[    9.951608] scsi target2:0:1: asynchronous
[    9.955585] sd 2:0:0:0: Attached scsi generic sg0 type 0
[    9.955752] sd 2:0:0:0: [sda] 20971520 512-byte logical blocks: (10.7 GB/10.0 GiB)
[    9.955834] sd 2:0:0:0: [sda] Write Protect is off
[    9.955888] sd 2:0:0:0: [sda] Incomplete mode parameter data
[    9.955889] sd 2:0:0:0: [sda] Assuming drive cache: write through
[    9.960126] sd 2:0:1:0: Attached scsi generic sg1 type 0
[    9.960406] sd 2:0:1:0: [sdb] 20480 512-byte logical blocks: (10.5 MB/10.0 MiB)
[    9.960518] sd 2:0:1:0: [sdb] Write Protect is off
[    9.960608] sd 2:0:1:0: [sdb] Incomplete mode parameter data
[    9.960609] sd 2:0:1:0: [sdb] Assuming drive cache: write through
[    9.960947]  sda: sda1
[    9.965051] sd 2:0:0:0: [sda] Attached SCSI disk
[    9.966545] sd 2:0:1:0: [sdb] Attached SCSI disk
[   12.068904] floppy0: no floppy controllers found
Begin: Loading e[   13.459538] md: linear personality registered for level -1
ssential drivers ... [   13.552130] md: multipath personality registered for level -4
[   13.564087] md: raid0 personality registered for level 0
[   13.572544] md: raid1 personality registered for level 1
[   13.738622] raid6: sse2x1   gen()  7346 MB/s
[   14.088553] raid6: sse2x1   xor()  5269 MB/s
[   14.198643] raid6: sse2x2   gen()  9693 MB/s
[   14.308501] raid6: sse2x2   xor()  6756 MB/s
[   14.388577] raid6: sse2x4   gen() 11034 MB/s
[   14.488545] raid6: sse2x4   xor()  7578 MB/s
[   14.569342] raid6: using algorithm sse2x4 gen() 11034 MB/s
[   14.599499] raid6: .... xor() 7578 MB/s, rmw enabled
[   14.615128] raid6: using ssse3x2 recovery algorithm
[   14.980012] xor: automatically using best checksumming function:
[   15.104483]    avx       : 51836.000 MB/sec
[   15.380744] async_tx: api initialized (async)
[   15.399047] md: raid6 personality registered for level 6
[   15.402285] md: raid5 personality registered for level 5
[   15.403162] md: raid4 personality registered for level 4
[   15.409710] md: raid10 personality registered for level 10
done.
Begin: Running /scripts/init-premount ... done.[   15.465701] Btrfs loaded

Begin: Mounting root file system ... Begin: Running /scripts/local-top ... done.
Begin: Running /scripts/local-premount ... Scanning for Btrfs filesystems
done.
Warning: fsck no[   15.593597] EXT4-fs (sda1): mounted filesystem with ordered data mode. Opts: (null)
t present, so skipping root file system
done.
Begin: Running /scripts/local-bottom ... done.
Begin: Running /scripts/init-bottom ... Warning: overlayroot: debug is busted
done.
[   15.810437] systemd[1]: systemd 229 running in system mode. (+PAM +AUDIT +SELINUX +IMA +APPARMOR +SMACK +SYSVINIT +UTMP +LIBCRYPTSETUP +GCRYPT +GNUTLS +ACL +XZ -LZ4 +SECCOMP +BLKID +ELFUTILS +KMOD -IDN)
[   16.230233] systemd[1]: Detected virtualization oracle.
[   16.230953] systemd[1]: Detected architecture x86-64.

Welcome to [1mUbuntu 16.04.1 LTS[0m!

[   16.237247] systemd[1]: Set hostname to <ubuntu>.
[   16.244279] systemd[1]: Initializing machine ID from random generator.
[   16.342075] systemd[1]: Installed transient /etc/machine-id file.
[   16.439340] systemd[1]: Started Forward Password Requests to Wall Directory Watch.
[[0;32m  OK  [0m] Started Forward Password Requests to Wall Directory Watch.
[   16.463033] systemd[1]: Set up automount Arbitrary Executable File Formats File System Automount Point.
[[0;32m  OK  [0m] Set up automount Arbitrary Executab...ats File System Automount Point.
[   16.470828] systemd[1]: Listening on LVM2 poll daemon socket.
[[0;32m  OK  [0m] Listening on LVM2 poll daemon socket.
[   16.472651] systemd[1]: Reached target Swap.
[[0;32m  OK  [0m] Reached target Swap.
[   16.473885] systemd[1]: Listening on udev Kernel Socket.
[[0;32m  OK  [0m] Listening on udev Kernel Socket.
[   16.500554] systemd[1]: Created slice System Slice.
[[0;32m  OK  [0m] Created slice System Slice.
[   16.585206] systemd[1]: Listening on Journal Audit Socket.
[[0;32m  OK  [0m] Listening on Journal Audit Socket.
[   16.590029] systemd[1]: Listening on Device-mapper event daemon FIFOs.
[[0;32m  OK  [0m] Listening on Device-mapper event daemon FIFOs.
[   16.591887] systemd[1]: Created slice User and Session Slice.
[[0;32m  OK  [0m] Created slice User and Session Slice.
[   16.593313] systemd[1]: Listening on Journal Socket (/dev/log).
[[0;32m  OK  [0m] Listening on Journal Socket (/dev/log).
[   16.594846] systemd[1]: Reached target User and Group Name Lookups.
[[0;32m  OK  [0m] Reached target User and Group Name Lookups.
[   16.596494] systemd[1]: Created slice system-serial\x2dgetty.slice.
[[0;32m  OK  [0m] Created slice system-serial\x2dgetty.slice.
[   16.598010] systemd[1]: Reached target Slices.
[[0;32m  OK  [0m] Reached target Slices.
[   16.772305] systemd[1]: Listening on Journal Socket.
[[0;32m  OK  [0m] Listening on Journal Socket.
[   16.900304] systemd[1]: Mounting POSIX Message Queue File System...
         Mounting POSIX Message Queue File System...
[   17.200555] systemd[1]: Mounting Huge Pages File System...
         Mounting Huge Pages File System...
[   17.205147] systemd[1]: Starting Load Kernel Modules...
[   17.349242] Loading iSCSI transport class v2.0-870.
         Starting Load Kernel Mo[   17.444527] iscsi: registered transport (tcp)
dules...
[   17.488467] systemd[1]: Starting Set console keymap...
         Starting Set console keymap...
[   17.570199] systemd[1]: Mounting Debug File System...
         Mountin[   17.589706] iscsi: registered transport (iser)
g Debug File System...
[   17.636385] systemd[1]: Starting Uncomplicated firewall...
         Startin[   17.656905] random: nonblocking pool is initialized
g Uncomplicated firewall...
[   17.660676] systemd[1]: Starting Create list of required static device nodes for the current kernel...
         Starting Create list of required st... nodes for the current kernel...
[   17.672901] systemd[1]: Starting Remount Root and Kernel File Systems...
         Startin[   17.676146] EXT4-fs (sda1): re-mounted. Opts: (null)
g Remount Root and Kernel File Systems...
[   17.695729] systemd[1]: Listening on Syslog Socket.
[[0;32m  OK  [0m] Listening on Syslog Socket.
[   17.768451] systemd[1]: Starting Journal Service...
         Starting Journal Service...
[   17.797415] systemd[1]: Listening on /dev/initctl Compatibility Named Pipe.
[[0;32m  OK  [0m] Listening on /dev/initctl Compatibility Named Pipe.
[   17.804230] systemd[1]: Listening on udev Control Socket.
[[0;32m  OK  [0m] Listening on udev Control Socket.
[   17.811949] systemd[1]: Listening on LVM2 metadata daemon socket.
[[0;32m  OK  [0m] Listening on LVM2 metadata daemon socket.
[   17.942006] systemd[1]: Starting Monitoring of LVM2 mirrors, snapshots etc. using dmeventd or progress polling...
         Starting Monitoring of LVM2 mirrors... dmeventd or progress polling...
[   17.954653] systemd[1]: Reached target Encrypted Volumes.
[[0;32m  OK  [0m] Reached target Encrypted Volumes.
[   77.984232] systemd[1]: Starting Nameserver information manager...
         Starting Nameserver information manager...
[   18.193503] systemd[1]: Mounted Huge Pages File System.
[[0;32m  OK  [0m] Mounted Huge Pages File System.
[   18.355050] systemd[1]: Mounted Debug File System.
[[0;32m  OK  [0m] Mounted Debug File System.
[   18.364341] systemd[1]: Mounted POSIX Message Queue File System.
[[0;32m  OK  [0m] Mounted POSIX Message Queue File System.
[   18.408432] systemd[1]: Started Journal Service.
[[0;32m  OK  [0m] Started Journal Service.
[[0;32m  OK  [0m] Started Load Kernel Modules.
[[0;32m  OK  [0m] Started Set console keymap.
[[0;32m  OK  [0m] Started Uncomplicated firewall.
[[0;32m  OK  [0m] Started Create list of required sta...ce nodes for the current kernel.
[[0;32m  OK  [0m] Started Remount Root and Kernel File Systems.
[[0;32m  OK  [0m] Started Nameserver information manager.
[[0;32m  OK  [0m] Started LVM2 metadata daemon.
         Starting Load/Save Random Seed...
         Starting udev Coldplug all Devices...
         Starting Create Static Device Nodes in /dev...
         Starting Apply Kernel Variables...
         Mounting FUSE Control File System...
         Starting Flush Journal to Persistent Storage...
[[0;32m  OK  [0m] Mounted FUSE Control File System.
[[0;32m  OK  [0m] Started Load/Save Random Seed.
[[0;32m  OK  [0m] Started Create Static Device Nodes in /dev.
[[0;32m  OK  [0m] Started Apply Kernel Variables.
[[0;32m  OK  [0m] Started udev Coldplug all Devices.
[[0;32m  OK  [0m] Started Flush Journal to Persistent Storage.
         Starting udev Kernel Device Manager...
[[0;32m  OK  [0m] Started udev Kernel Device Manager.
[[0;32m  OK  [0m] Started Dispatch Password Requests to Console Directory Watch.
[[0;32m  OK  [0m] Found device /dev/ttyS0.
[[0;32m  OK  [0m] Listening on Load/Save RF Kill Switch Status /dev/rfkill Watch.
[[0;32m  OK  [0m] Started Monitoring of LVM2 mirrors,...ng dmeventd or progress polling.
[[0;32m  OK  [0m] Reached target Local File Systems (Pre).
[[0;32m  OK  [0m] Reached target Local File Systems.
         Starting Set console font and keymap...
         Starting Run snappy firstboot setup...
         Starting Initial cloud-init job (pre-networking)...
         Starting Commit a transient machine-id on disk...
         Starting LSB: AppArmor initialization...
         Starting Tell Plymouth To Write Out Runtime Data...
         Starting Create Volatile Files and Directories...
[[0;32m  OK  [0m] Started Set console font and keymap.
[[0;32m  OK  [0m] Started Run snappy firstboot setup.
[[0;32m  OK  [0m] Started Commit a transient machine-id on disk.
[[0;32m  OK  [0m] Started Tell Plymouth To Write Out Runtime Data.
[[0;32m  OK  [0m] Started Create Volatile Files and Directories.
[[0;32m  OK  [0m] Reached target System Time Synchronized.
         Starting Update UTMP about System Boot/Shutdown...
[[0;32m  OK  [0m] Created slice system-getty.slice.
[[0;32m  OK  [0m] Started Update UTMP about System Boot/Shutdown.
[[0;32m  OK  [0m] Started LSB: AppArmor initialization.
[[0;32m  OK  [0m] Reached target System Initialization.
[[0;32m  OK  [0m] Started Daily Cleanup of Temporary Directories.
         Starting Socket activation for snappy daemon.
[[0;32m  OK  [0m] Started Daily apt activities.
[[0;32m  OK  [0m] Listening on D-Bus System Message Bus Socket.
[[0;32m  OK  [0m] Started Timer to automatically refresh installed snaps.
[[0;32m  OK  [0m] Reached target Timers.
[[0;32m  OK  [0m] Listening on UUID daemon activation socket.
         Starting LXD - unix socket.
[[0;32m  OK  [0m] Started Trigger resolvconf update for networkd DNS.
[[0;32m  OK  [0m] Started ACPI Events Check.
[[0;32m  OK  [0m] Reached target Paths.
[[0;32m  OK  [0m] Listening on ACPID Listen Socket.
[[0;32m  OK  [0m] Listening on Socket activation for snappy daemon.
[[0;32m  OK  [0m] Listening on LXD - unix socket.
[[0;32m  OK  [0m] Reached target Sockets.
[[0;32m  OK  [0m] Reached target Basic System.
[[0;32m  OK  [0m] Started Deferred execution scheduler.
         Starting LXD - container startup/shutdown...
[   16.690952] cloud-init[670]: Cloud-init v. 0.7.8 running 'init-local' at Fri, 30 Dec 2016 13:59:21 +0000. Up 16.37 seconds.
[[0;32m  OK  [0m] Started Snappy daemon.
[[0;32m  OK  [0m] Started ACPI event daemon.
         Starting LSB: MD monitoring daemon...
[[0;32m  OK  [0m] Started D-Bus System Message Bus.
         Starting Accounts Service...
[[0;32m  OK  [0m] Started FUSE filesystem for LXC.
         Starting LSB: Record successful boot for GRUB...
[[0;32m  OK  [0m] Started Regular background program processing daemon.
         Starting Login Service...
         Starting System Logging Service...
[[0;32m  OK  [0m] Started LXD - container startup/shutdown.
[[0;32m  OK  [0m] Started Initial cloud-init job (pre-networking).
[[0;32m  OK  [0m] Started System Logging Service.
[[0;32m  OK  [0m] Started LSB: MD monitoring daemon.
[[0;32m  OK  [0m] Started LSB: Record successful boot for GRUB.
[[0;32m  OK  [0m] Started Login Service.
         Starting Authenticate and Authorize Users to Run Privileged Tasks...
[[0;32m  OK  [0m] Reached target Network (Pre).
         Starting Raise network interfaces...
[[0;32m  OK  [0m] Started Authenticate and Authorize Users to Run Privileged Tasks.
[[0;32m  OK  [0m] Started Accounts Service.
[[0;32m  OK  [0m] Started Raise network interfaces.
[[0;32m  OK  [0m] Reached target Network.
         Starting Initial cloud-init job (metadata service crawler)...
[   19.028250] cloud-init[993]: Cloud-init v. 0.7.8 running 'init' at Fri, 30 Dec 2016 13:59:24 +0000. Up 18.55 seconds.
[[0;32m  OK  [0m] Started Initial cloud-init job (metadata service crawler).
[   19.106397] cloud-init[993]: ci-info: +++++++++++++++++++++++++++++++++++++Net device info++++++++++++++++++++++++++++++++++++++
[   19.224786] cloud-init[993]: ci-info: +--------+------+----------------------------+---------------+-------+-------------------+
[   19.225560] cloud-init[993]: ci-info: | Device |  Up  |          Address           |      Mask     | Scope |     Hw-Address    |
[[0;32m  OK  [0m] Reached target Cloud-config availability.
[[   19.225816] cloud-init[993]: ci-info: +--------+------+----------------------------+---------------+-------+-------------------+
[   19.370082] cloud-init[993]: ci-info: |   lo   | True |         127.0.0.1          |   255.0.0.0   |   .   |         .         |
[0;32m  OK  [0m] Reached target Network is Online.
[   19.370301] cloud-init[993]: ci-info: |   lo   | True |          ::1/128           |       .       |  host |         .         |
[   19.496655] cloud-init[993]: ci-info: | enp0s3 | True |         10.0.2.15          | 255.255.255.0 |   .   | 02:51:a9:c3:dc:37 |
[   19.497342] cloud-init[993]: ci-info: | enp0s3 | True | fe80::51:a9ff:fec3:dc37/64 |       .       |  link | 02:51:a9:c3:dc:37 |
         Starting iSCSI initiator daemon (iscsid)...
[   19.497641] cloud-init[993]: ci-info: +--------+------+----------------------------+---------------+-------+-------------------+
[   19.704698] cloud-init[993]: ci-info: +++++++++++++++++++++++++++Route IPv4 info++++++++++++++++++++++++++++
[   19.705438] cloud-init[993]: ci-info: +-------+-------------+----------+---------------+-----------+-------+
         Starting /etc/rc.local Compatibility...
[   19.705691] cloud-init[993]: ci-info: | Route | Destination | Gateway  |    Genmask    | Interface | Flags |
[   19.782276] cloud-init[993]: ci-info: +-------+-------------+----------+---------------+-----------+-------+
[   19.786674] cloud-init[993]: ci-info: |   0   |   0.0.0.0   | 10.0.2.2 |    0.0.0.0    |   enp0s3  |   UG  |
[   19.790231] cloud-init[993]: ci-info: |   1   |   10.0.2.0  | 0.0.0.0  | 255.255.255.0 |   enp0s3  |   U   |
[   19.793795] cloud-init[993]: ci-info: +-------+-------------+----------+---------------+-----------+-------+
[   19.797292] cloud-init[993]: Generating public/private rsa key pair.
[   19.800069] cloud-init[993]: Your identification has been saved in /etc/ssh/ssh_host_rsa_key.
[   19.803784] cloud-init[993]: Your public key has been saved in /etc/ssh/ssh_host_rsa_key.pub.
[   19.807006] cloud-init[993]: The key fingerprint is:
[   19.807720] cloud-init[993]: SHA256:vqC6yx1qnKp2wtdKMQkDQOH7iAUkSU7Ae5P/E9hxcEo root@ubuntu-xenial
[   19.808243] cloud-init[993]: The key's randomart image is:
[   19.808560] cloud-init[993]: +---[RSA 2048]----+
[   19.808855] cloud-init[993]: |@B.              |
[   19.809165] cloud-init[993]: |O.     E .       |
[   19.809468] cloud-init[993]: |.=. . . +        |
[   19.809770] cloud-init[993]: | o++.  o .       |
[   19.810084] cloud-init[993]: | .o+o o S        |
[   19.810384] cloud-init[993]: |..o oo +         |
[   19.810686] cloud-init[993]: |oo +o o o        |
[   19.810989] cloud-init[993]: | === + + .       |
[   19.811292] cloud-init[993]: |=oX=+   o        |
         Starting Apply the settings specified in cloud-config...
[   19.814165] cloud-init[993]: +----[SHA256]-----+
[   19.858582] cloud-init[993]: Generating public/private dsa key pair.
[   19.862744] cloud-init[993]: Your identification has been saved in /etc/ssh/ssh_host_dsa_key.
[   19.865064] cloud-init[993]: Your public key has been saved in /etc/ssh/ssh_host_dsa_key.pub.
[   19.867242] cloud-init[993]: The key fingerprint is:
[   19.868032] cloud-init[993]: SHA256:0JCoC5M+eyrTaMkCC1uGkSv+Jx7AshyFPXsebKuKN0U root@ubuntu-xenial
         Starting Pollinate to seed the pseudo random number generator...
[[0;32m  OK  [0m] Started /etc/rc.local Compatibility.
[   19.872148] cloud-init[993]: The key's randomart image is:
[   19.875141] cloud-init[993]: +---[DSA 1024]----+
[   19.875788] cloud-init[993]: |     ...         |
[   19.876457] cloud-init[993]: |  o . .o         |
[   19.880193] cloud-init[993]: | + =  . .        |
[   19.952304] cloud-init[993]: |B o E  .         |
[   19.952466] cloud-init[993]: |oX + =  S        |
[[0;32m  OK  [0m] Started iSCSI initiator daemon (iscsid).
[   19.952557] cloud-init[993]: |O+* = o          |
[   19.969186] cloud-init[993]: |BO+o o           |
[   19.971079] cloud-init[993]: |O*+oo.           |
[   19.971817] cloud-init[993]: |==*=o            |
[   19.972617] cloud-init[993]: +----[SHA256]-----+
[   19.973364] cloud-init[993]: Generating public/private ecdsa key pair.
[   19.975341] cloud-init[993]: Your identification has been saved in /etc/ssh/ssh_host_ecdsa_key.
[   19.976287] cloud-init[993]: Your public key has been saved in /etc/ssh/ssh_host_ecdsa_key.pub.
[   19.977322] cloud-init[993]: The key fingerprint is:
[   19.978062] cloud-init[993]: SHA256:ha1Iv1N4LIDnliX1XKQqrFlrXT6/IpTpXdznpGZqGFo root@ubuntu-xenial
[   19.984234] cloud-init[993]: The key's randomart image is:
[   19.984385] cloud-init[993]: +---[ECDSA 256]---+
         Starting Login to default iSCSI targets...
[   19.984456] cloud-init[993]: |        .  .o    |
[   20.012403] cloud-init[993]: |     . . = o     |
[   20.106632] cloud-init[993]: |    . = o *      |
[[0;32m  OK  [0m] Started Login to default iSCSI targets.
[   20.174878] cloud-init[993]: |     = B *       |
[   20.233735] cloud-init[993]: |      O So=. .   |
[   20.233881] cloud-init[993]: |     = ++BE o . o|
[[0;32m  OK  [0m] Reached target Remote File Systems (Pre).
[[   20.233964] cloud-init[993]: |    o oo++o+   = |
[   20.236476] cloud-init[993]: |     .  +.+o. + .|
[   20.236518] cloud-init[993]: |         . o+=   |
[   20.236602] cloud-init[993]: +----[SHA256]-----+
[   20.236685] cloud-init[993]: Generating public/private ed25519 key pair.
[   20.236771] cloud-init[993]: Your identification has been saved in /etc/ssh/ssh_host_ed25519_key.
[   20.236857] cloud-init[993]: Your public key has been saved in /etc/ssh/ssh_host_ed25519_key.pub.
[   20.236941] cloud-init[993]: The key fingerprint is:
[   20.237027] cloud-init[993]: SHA256:0ikPmzvZrnsTrD+nJBgJmC+30Awe3FcKFbjEvfgDnrE root@ubuntu-xenial
[0;32m  OK  [0m] Reached target Remote File Systems.
[   20.237122] cloud-init[993]: The key's randomart image is:
[   20.246089] cloud-init[993]: +--[ED25519 256]--+
         Starting LSB: Set the CPU Frequency Scaling governor to "ondemand"...
[   20.290767] cloud-init[993]: |  ..+o..         |
[   20.300179] cloud-init[993]: |.o.+..o          |
[   20.300838] cloud-init[993]: |+oo.oo.          |
[   20.301460] cloud-init[993]: |.=.*.o . .       |
[   20.302094] cloud-init[993]: |o.* O +.S        |
[   20.302745] cloud-init[993]: | + E = Bo        |
[   20.303387] cloud-init[993]: |  . . =+o.       |
[   20.304022] cloud-init[993]: |      ++= .      |
[   20.304680] cloud-init[993]: |      +B+=       |
[   20.307556] cloud-init[993]: +----[SHA256]-----+
         Starting Permit User Sessions...
         Starting LSB: daemon to balance interrupts for SMP systems...
         Starting LSB: VirtualBox Linux Additions...
[   20.317652] cloud-init[1082]: Generating locales (this might take a while)...
         Starting LSB: automatic crash report generation...
[[0;32m  OK  [0m] Started Pollinate to seed the pseudo random number generator.
[[0;32m  OK  [0m] Started Permit User Sessions.
[[0;32m  OK  [0m] Started LSB: Set the CPU Frequency Scaling governor to "ondemand".
         Starting Terminate Plymouth Boot Screen...
         Starting Hold until boot process finishes up...
         Starting OpenBSD Secure Shell server...
[[0;32m  OK  [0m] Started OpenBSD Secure Shell server.
[[0;32m  OK  [0m] Started LSB: daemon to balance interrupts for SMP systems.
[[0;32m  OK  [0m] Started LSB: VirtualBox Linux Additions.
[[0;32m  OK  [0m] Started LSB: automatic crash report generation.
[[0;32m  OK  [0m] Started Terminate Plymouth Boot Screen.
[[0;32m  OK  [0m] Started Hold until boot process finishes up.
[[0;32m  OK  [0m] Started Getty on tty1.
[[0;32m  OK  [0m] Started Serial Getty on ttyS0.
[[0;32m  OK  [0m] Reached target Login Prompts.
         Starting Set console scheme...
[[0;32m  OK  [0m] Reached target Multi-User System.
[   20.833644] cloud-init[1082]:   en_US.UTF-8... done
[   20.904400]          cloud-initStarting Notify bootloader that boot was successful...[1082]: 
Generation complete.
[[0;32m  OK  [0m] Reached target Graphical Interface.
         Starting Update UTMP about System Runlevel Changes...
[[0;32m  OK  [0m] Started Set console scheme.
[[0;32m  OK  [0m] Started Notify bootloader that boot was successful.
[[0;32m  OK  [0m] Started Update UTMP about System Runlevel Changes.
         Stopping OpenBSD Secure Shell server...
[[0;32m  OK  [0m] Stopped OpenBSD Secure Shell server.
         Starting OpenBSD Secure Shell server...
[[0;32m  OK  [0m] Started OpenBSD Secure Shell server.
[   21.472432] cloud-init[1082]: Cloud-init v. 0.7.8 running 'modules:config' at Fri, 30 Dec 2016 13:59:25 +0000. Up 20.11 seconds.
[[0;32m  OK  [0m] Started Apply the settings specified in cloud-config.
         Starting Execute cloud user/final scripts...
ci-info: no authorized ssh keys fingerprints found for user ubuntu.
<14>Dec 30 13:59:27 ec2: 
<14>Dec 30 13:59:27 ec2: #############################################################
<14>Dec 30 13:59:27 ec2: -----BEGIN SSH HOST KEY FINGERPRINTS-----
<14>Dec 30 13:59:27 ec2: 1024 SHA256:0JCoC5M+eyrTaMkCC1uGkSv+Jx7AshyFPXsebKuKN0U root@ubuntu-xenial (DSA)
<14>Dec 30 13:59:27 ec2: 256 SHA256:ha1Iv1N4LIDnliX1XKQqrFlrXT6/IpTpXdznpGZqGFo root@ubuntu-xenial (ECDSA)
<14>Dec 30 13:59:27 ec2: 256 SHA256:0ikPmzvZrnsTrD+nJBgJmC+30Awe3FcKFbjEvfgDnrE root@ubuntu-xenial (ED25519)
<14>Dec 30 13:59:27 ec2: 2048 SHA256:vqC6yx1qnKp2wtdKMQkDQOH7iAUkSU7Ae5P/E9hxcEo root@ubuntu-xenial (RSA)
<14>Dec 30 13:59:27 ec2: -----END SSH HOST KEY FINGERPRINTS-----
<14>Dec 30 13:59:27 ec2: #############################################################
-----BEGIN SSH HOST KEY KEYS-----
ecdsa-sha2-nistp256 AAAAE2VjZHNhLXNoYTItbmlzdHAyNTYAAAAIbmlzdHAyNTYAAABBBNzoagRnCnqWqLZguny7lWLfBakbV4s/AHAaj+L0Wf+5KU8IhOcnw8Fhu1NKmv7OmBLCXVbfP6QOU3BZJ2wOcuM= root@ubuntu-xenial
ssh-ed25519 AAAAC3NzaC1lZDI1NTE5AAAAIFnkuDwsrRbzzUZvVhrdnLVsrOMJUF3gT69iwSXiwIco root@ubuntu-xenial
ssh-rsa AAAAB3NzaC1yc2EAAAADAQABAAABAQDr9A+xNol8NPpTYGMUfpAhuT2RuOxKcTdYRKgD4rqKbL+n2oC5ofD8oPRyAs+SRfY3v3cCy0z7ubvcYI7F0zqVRMt0lGK86vAnvUjL88DVjSfj6QLfpz40WnuVB/gmD7PXQ5l9W6z4jbc18s2BTFo+HMsYdl3zZmcbVLDCfGI/1efnmLl8yxySI4r7qWL6+/QVVKCRGYmLsClWhulQHvKYIdMJZNuc7WcgyV8a2vDW8DF6xEm4dc80aB9Q6DNme8JvgvRD9gBQuF0if4Wo2DQTzUzjPRFREUXyJs91pqRhDAYeo1Ex00LtnvH33SjattqwT3KvItVrfBXD7VevcWHR root@ubuntu-xenial
-----END SSH HOST KEY KEYS-----
[   22.064767] cloud-init[1286]: Cloud-init v. 0.7.8 running 'modules:final' at Fri, 30 Dec 2016 13:59:27 +0000. Up 21.83 seconds.
[[0;32m  OK  [0m] Started Execute cloud user/final scripts.[   22.192593] cloud-init[1286]: ci-info: no authorized ssh keys fingerprints found for user ubuntu.
[   22.193496] cloud-init[1286]: Cloud-init v. 0.7.8 finished at Fri, 30 Dec 2016 13:59:27 +0000. Datasource DataSourceNoCloud [seed=/dev/sdb][dsmode=net].  Up 22.05 seconds

[[0;32m  OK  [0m] Reached target Cloud-init target.

Ubuntu 16.04.1 LTS ubuntu-xenial ttyS0

ubuntu-xenial login: 